<?xml version="1.0" encoding="UTF-8"?>
<robot generator="Robot 6.0.2 (Python 3.11.2 on win32)" generated="20231214 08:49:49.757" rpa="false" schemaversion="3">
<suite id="s1" name="40 Variables" source="D:\Pruebas Automatizadas\Practicas\Ejercicio_001\Test_Case\40_Variables.robot">
<test id="s1-t1" name="Demo uno" line="13">
<kw name="Log To Console" library="BuiltIn">
<arg>Prueba del robot variables</arg>
<doc>Logs the given message to the console.</doc>
<status status="PASS" starttime="20231214 08:49:50.082" endtime="20231214 08:49:50.083"/>
</kw>
<doc>Caso de prueba para ...</doc>
<tag>variables</tag>
<status status="PASS" starttime="20231214 08:49:50.082" endtime="20231214 08:49:50.083"/>
</test>
<doc>Descripcion del proyecto ....</doc>
<status status="PASS" starttime="20231214 08:49:49.759" endtime="20231214 08:49:50.084"/>
</suite>
<statistics>
<total>
<stat pass="1" fail="0" skip="0">All Tests</stat>
</total>
<tag>
<stat pass="1" fail="0" skip="0">variables</stat>
</tag>
<suite>
<stat pass="1" fail="0" skip="0" id="s1" name="40 Variables">40 Variables</stat>
</suite>
</statistics>
<errors>
</errors>
</robot>
